cninja/build/intermediates/manifest_merge_blame_file/debug/manifest-merger-blame-debug-report.txt
1<?xml version="1.0" encoding="utf-8"?>
2<manifest xmlns:android="http://schemas.android.com/apk/res/android"
3    package="com.dragofly.ponpoko"
4    android:installLocation="preferExternal"
5    android:versionCode="32"
6    android:versionName="1.9.2" >
7
8    <uses-sdk
9        android:minSdkVersion="21"
9-->src/main/AndroidManifest.xml
10        android:targetSdkVersion="21" />
10-->src/main/AndroidManifest.xml
11
12    <uses-permission android:name="android.permission.WRITE_EXTERNAL_STORAGE" />
12-->src/main/AndroidManifest.xml:5:5-97
12-->src/main/AndroidManifest.xml:5:22-78
13    <uses-permission android:name="android.permission.VIBRATE" />
13-->src/main/AndroidManifest.xml:6:5-65
13-->src/main/AndroidManifest.xml:6:22-63
14    <uses-permission android:name="android.permission.INTERNET" />
14-->src/main/AndroidManifest.xml:7:5-66
14-->src/main/AndroidManifest.xml:7:22-64
15
16    <supports-screens
16-->src/main/AndroidManifest.xml:8:5-12:64
17        android:anyDensity="true"
17-->src/main/AndroidManifest.xml:12:11-36
18        android:largeScreens="true"
18-->src/main/AndroidManifest.xml:9:11-38
19        android:normalScreens="true"
19-->src/main/AndroidManifest.xml:10:11-39
20        android:resizeable="true"
20-->src/main/AndroidManifest.xml:12:37-62
21        android:smallScreens="true" />
21-->src/main/AndroidManifest.xml:11:11-38
22
23    <uses-feature
23-->src/main/AndroidManifest.xml:13:5-89
24        android:name="android.hardware.touchscreen"
24-->src/main/AndroidManifest.xml:13:19-62
25        android:required="false" />
25-->src/main/AndroidManifest.xml:13:63-87
26
27    <application
27-->src/main/AndroidManifest.xml:14:5-45:19
28        android:allowBackup="true"
28-->src/main/AndroidManifest.xml:14:153-179
29        android:allowClearUserData="true"
29-->src/main/AndroidManifest.xml:14:84-117
30        android:debuggable="true"
31        android:hardwareAccelerated="true"
31-->src/main/AndroidManifest.xml:14:118-152
32        android:icon="@drawable/ponpoko"
32-->src/main/AndroidManifest.xml:14:18-50
33        android:isGame="true"
33-->src/main/AndroidManifest.xml:14:180-201
34        android:label="@string/app_name"
34-->src/main/AndroidManifest.xml:14:51-83
35        android:testOnly="true" >
36        <activity
36-->src/main/AndroidManifest.xml:15:9-38:20
37            android:name="com.seleuco.mame4droid.MAME4droid"
37-->src/main/AndroidManifest.xml:15:19-67
38            android:configChanges="keyboardHidden|orientation|screenSize"
38-->src/main/AndroidManifest.xml:16:19-80
39            android:label="@string/app_name"
39-->src/main/AndroidManifest.xml:15:68-100
40            android:launchMode="singleTask"
40-->src/main/AndroidManifest.xml:17:19-50
41            android:theme="@style/Theme.MAME4droid"
41-->src/main/AndroidManifest.xml:18:67-106
42            android:windowSoftInputMode="stateAlwaysHidden" >
42-->src/main/AndroidManifest.xml:18:19-66
43            <intent-filter>
43-->src/main/AndroidManifest.xml:19:13-22:29
44                <action android:name="android.intent.action.MAIN" />
44-->src/main/AndroidManifest.xml:20:17-69
44-->src/main/AndroidManifest.xml:20:25-66
45
46                <category android:name="android.intent.category.LAUNCHER" />
46-->src/main/AndroidManifest.xml:21:17-77
46-->src/main/AndroidManifest.xml:21:27-74
47            </intent-filter>
48            <intent-filter>
48-->src/main/AndroidManifest.xml:23:13-27:29
49                <action android:name="android.intent.action.MAIN" />
49-->src/main/AndroidManifest.xml:20:17-69
49-->src/main/AndroidManifest.xml:20:25-66
50
51                <category android:name="android.intent.category.LAUNCHER" />
51-->src/main/AndroidManifest.xml:21:17-77
51-->src/main/AndroidManifest.xml:21:27-74
52                <category android:name="tv.ouya.intent.category.GAME" />
52-->src/main/AndroidManifest.xml:26:17-72
52-->src/main/AndroidManifest.xml:26:27-70
53            </intent-filter>
54            <intent-filter>
54-->src/main/AndroidManifest.xml:28:13-31:29
55                <action android:name="android.intent.action.MAIN" />
55-->src/main/AndroidManifest.xml:20:17-69
55-->src/main/AndroidManifest.xml:20:25-66
56
57                <category android:name="android.intent.category.LEANBACK_LAUNCHER" />
57-->src/main/AndroidManifest.xml:30:17-86
57-->src/main/AndroidManifest.xml:30:27-83
58            </intent-filter>
59            <intent-filter>
59-->src/main/AndroidManifest.xml:32:13-37:29
60                <action android:name="android.intent.action.VIEW" />
60-->src/main/AndroidManifest.xml:33:17-69
60-->src/main/AndroidManifest.xml:33:25-66
61
62                <category android:name="android.intent.category.DEFAULT" />
62-->src/main/AndroidManifest.xml:34:17-76
62-->src/main/AndroidManifest.xml:34:27-73
63
64                <data
64-->src/main/AndroidManifest.xml:35:17-63
65                    android:host=""
65-->src/main/AndroidManifest.xml:35:23-38
66                    android:scheme="file" />
66-->src/main/AndroidManifest.xml:35:39-60
67                <data android:mimeType="application/zip" />
67-->src/main/AndroidManifest.xml:35:17-63
67-->src/main/AndroidManifest.xml:36:23-57
68            </intent-filter>
69        </activity>
70        <activity
70-->src/main/AndroidManifest.xml:39:3-168
71            android:name="com.seleuco.mame4droid.prefs.UserPreferences"
71-->src/main/AndroidManifest.xml:39:13-72
72            android:label="MAME4droid(0.139u1) Settings"
72-->src/main/AndroidManifest.xml:39:122-166
73            android:theme="@style/Theme.MAME4droid.TitleBar" />
73-->src/main/AndroidManifest.xml:39:73-121
74        <activity
74-->src/main/AndroidManifest.xml:40:3-189
75            android:name="com.seleuco.mame4droid.WebHelpActivity"
75-->src/main/AndroidManifest.xml:40:13-66
76            android:label="MAME4droid(0.139u1) Help"
76-->src/main/AndroidManifest.xml:40:147-187
77            android:launchMode="singleTop"
77-->src/main/AndroidManifest.xml:40:67-97
78            android:theme="@style/Theme.MAME4droid.TitleBar" />
78-->src/main/AndroidManifest.xml:40:98-146
79        <activity
79-->src/main/AndroidManifest.xml:41:3-157
80            android:name="com.seleuco.mame4droid.prefs.DefineKeys"
80-->src/main/AndroidManifest.xml:41:13-67
81            android:label="MAME4droid Define Keys"
81-->src/main/AndroidManifest.xml:41:117-155
82            android:theme="@style/Theme.MAME4droid.TitleBar" />
82-->src/main/AndroidManifest.xml:41:68-116
83        <activity
83-->src/main/AndroidManifest.xml:42:3-155
84            android:name="com.seleuco.mame4droid.prefs.ListKeys"
84-->src/main/AndroidManifest.xml:42:13-65
85            android:label="MAME4droid Player Keys"
85-->src/main/AndroidManifest.xml:42:115-153
86            android:theme="@style/Theme.MAME4droid.TitleBar" />
86-->src/main/AndroidManifest.xml:42:66-114
87        <activity
87-->src/main/AndroidManifest.xml:43:3-139
88            android:name="com.seleuco.mame4droid.prefs.KeySelect"
88-->src/main/AndroidManifest.xml:43:13-66
89            android:label="Select Key"
89-->src/main/AndroidManifest.xml:43:67-93
90            android:theme="@android:style/Theme.Dialog" />
90-->src/main/AndroidManifest.xml:43:94-137
91
92        <meta-data
92-->src/main/AndroidManifest.xml:44:3-92
93            android:name="xperiaplayoptimized_content"
93-->src/main/AndroidManifest.xml:44:14-56
94            android:resource="@drawable/icon" />
94-->src/main/AndroidManifest.xml:44:57-90
95    </application>
96
97</manifest>